Test (2C): basic persistence ...
Test: one start
0 start election
2 start election
L[0] is a Leader now
L[0] didnt retry send to s[1]
L[0] push log to F[1] success,Leader LogsLen:[1] pushLast:[1] pushLen:[1]
L[0] didnt retry send to s[2]
L[0] push log to F[2] success,Leader LogsLen:[1] pushLast:[1] pushLen:[1]
L[0] update commitIndex to [1]
s[0] update commitIndex [0]->[1]
s[1] update commitIndex [0]->[1]
s[2] update commitIndex [0]->[1]
s[0] readPersist logs:1
s[1] readPersist logs:1
s[2] readPersist logs:1
Test: one start
0 start election
L[0] is a Leader now
L[0] didnt retry send to s[1]
L[0] push log to F[1] success,Leader LogsLen:[2] pushLast:[2] pushLen:[1]
L[0] didnt retry send to s[2]
L[0] push log to F[2] success,Leader LogsLen:[2] pushLast:[2] pushLen:[1]
L[0] update commitIndex to [2]
s[0] update commitIndex [0]->[2]
s[1] update commitIndex [0]->[2]
s[2] update commitIndex [0]->[2]
s[0] readPersist logs:2
Test: one start
1 start election
L[1] is a Leader now
s[0] update commitIndex [0]->[2]
L[1] didnt retry send to s[0]
L[1] push log to F[0] success,Leader LogsLen:[3] pushLast:[3] pushLen:[1]
L[1] didnt retry send to s[2]
L[1] push log to F[2] success,Leader LogsLen:[3] pushLast:[3] pushLen:[1]
L[1] update commitIndex to [3]
s[1] update commitIndex [2]->[3]
s[0] update commitIndex [2]->[3]
s[2] update commitIndex [2]->[3]
Test: disconnect  1
Test: one start
0 start election
L[0] is a Leader now
L[0] didnt retry send to s[2]
L[0] push log to F[2] success,Leader LogsLen:[4] pushLast:[4] pushLen:[1]
L[0] update commitIndex to [4]
s[0] update commitIndex [3]->[4]
s[2] update commitIndex [3]->[4]
s[1] readPersist logs:3
Test: connect  1
L[0] didnt retry send to s[1]
L[0] push log to F[1] success,Leader LogsLen:[4] pushLast:[4] pushLen:[1]
s[1] update commitIndex [0]->[4]
Test: one start
L[0] didnt retry send to s[2]
L[0] push log to F[2] success,Leader LogsLen:[5] pushLast:[5] pushLen:[1]
L[0] update commitIndex to [5]
s[0] update commitIndex [4]->[5]
s[2] update commitIndex [4]->[5]
s[1] readPersist logs:4
Test: one start
L[0] didnt retry send to s[2]
L[0] push log to F[2] success,Leader LogsLen:[6] pushLast:[6] pushLen:[1]
L[0] update commitIndex to [6]
s[0] update commitIndex [5]->[6]
s[2] update commitIndex [5]->[6]
L[0] didnt retry send to s[2]
L[0] push log to F[2] success,Leader LogsLen:[7] pushLast:[7] pushLen:[1]
L[0] update commitIndex to [7]
s[0] update commitIndex [6]->[7]
s[2] update commitIndex [6]->[7]
L[0] didnt retry send to s[1]
L[0] push log to F[1] success,Leader LogsLen:[7] pushLast:[7] pushLen:[3]
s[1] update commitIndex [0]->[7]
  ... Passed --  13.9  3  236   90918    7
Test (2C): more persistence ...
Test: one start
4 start election
L[4] is a Leader now
L[4] didnt retry send to s[2]
L[4] push log to F[2] success,Leader LogsLen:[1] pushLast:[1] pushLen:[1]
L[4] didnt retry send to s[1]
L[4] push log to F[1] success,Leader LogsLen:[1] pushLast:[1] pushLen:[1]
L[4] didnt retry send to s[0]
L[4] push log to F[0] success,Leader LogsLen:[1] pushLast:[1] pushLen:[1]
L[4] didnt retry send to s[3]
L[4] push log to F[3] success,Leader LogsLen:[1] pushLast:[1] pushLen:[1]
L[4] update commitIndex to [1]
s[4] update commitIndex [0]->[1]
s[2] update commitIndex [0]->[1]
s[1] update commitIndex [0]->[1]
s[0] update commitIndex [0]->[1]
s[3] update commitIndex [0]->[1]
Test: one start
L[4] didnt retry send to s[2]
L[4] push log to F[2] success,Leader LogsLen:[2] pushLast:[2] pushLen:[1]
L[4] didnt retry send to s[3]
L[4] push log to F[3] success,Leader LogsLen:[2] pushLast:[2] pushLen:[1]
L[4] update commitIndex to [2]
s[4] update commitIndex [1]->[2]
s[2] update commitIndex [1]->[2]
s[3] update commitIndex [1]->[2]
s[0] readPersist logs:1
s[1] readPersist logs:1
3 start election
0 start election
2 start election
3 start election
s[2] readPersist logs:2
Test: one start
0 start election
2 start election
L[2] is a Leader now
s[1] nextIndex:[3]->[2]
s[0] nextIndex:[3]->[2]
L[2] didnt retry send to s[0]
L[2] push log to F[0] success,Leader LogsLen:[3] pushLast:[3] pushLen:[2]
L[2] didnt retry send to s[1]
L[2] push log to F[1] success,Leader LogsLen:[3] pushLast:[3] pushLen:[2]
3 start election
L[2] update commitIndex to [3]
s[2] update commitIndex [0]->[3]
s[0] update commitIndex [0]->[3]
s[1] update commitIndex [0]->[3]
Test: one start
L[2] didnt retry send to s[1]
L[2] push log to F[1] success,Leader LogsLen:[4] pushLast:[4] pushLen:[1]
L[2] didnt retry send to s[0]
L[2] push log to F[0] success,Leader LogsLen:[4] pushLast:[4] pushLen:[1]
L[2] update commitIndex to [4]
s[2] update commitIndex [3]->[4]
s[4] is not a leader now!
s[4] is not a leader now!
4 start election
s[2] is not a leader now!
s[2] is not a leader now!
2 start election
L[2] is a Leader now
s[1] update commitIndex [3]->[4]
s[0] update commitIndex [3]->[4]
s[4] is not a leader now!
s[2] is not a leader now!
s[2] is not a leader now!
s[3] nextIndex:[5]->[3]
s[4] nextIndex:[5]->[3]
L[2] didnt retry send to s[0]
L[2] push log to F[0] success,Leader LogsLen:[5] pushLast:[5] pushLen:[1]
L[2] didnt retry send to s[1]
L[2] push log to F[1] success,Leader LogsLen:[5] pushLast:[5] pushLen:[1]
L[2] didnt retry send to s[3]
L[2] push log to F[3] success,Leader LogsLen:[5] pushLast:[5] pushLen:[3]
L[2] didnt retry send to s[4]
L[2] push log to F[4] success,Leader LogsLen:[5] pushLast:[5] pushLen:[3]
s[3] update commitIndex [2]->[4]
s[4] update commitIndex [2]->[4]
L[2] update commitIndex to [5]
s[2] update commitIndex [4]->[5]
s[4] update commitIndex [4]->[5]
s[0] update commitIndex [4]->[5]
s[3] update commitIndex [4]->[5]
s[1] update commitIndex [4]->[5]
s[4] is not a leader now!
Test: one start
L[2] didnt retry send to s[0]
L[2] push log to F[0] success,Leader LogsLen:[6] pushLast:[6] pushLen:[1]
L[2] didnt retry send to s[1]
L[2] push log to F[1] success,Leader LogsLen:[6] pushLast:[6] pushLen:[1]
L[2] update commitIndex to [6]
s[2] update commitIndex [5]->[6]
s[0] update commitIndex [5]->[6]
s[1] update commitIndex [5]->[6]
s[3] readPersist logs:5
s[4] readPersist logs:5
0 start election
1 start election
4 start election
0 start election
1 start election
s[0] readPersist logs:6
Test: one start
4 start election
4 start election
0 start election
1 start election
L[0] is a Leader now
s[4] nextIndex:[7]->[6]
s[3] nextIndex:[7]->[6]
L[0] didnt retry send to s[4]
L[0] push log to F[4] success,Leader LogsLen:[7] pushLast:[7] pushLen:[2]
L[0] didnt retry send to s[3]
L[0] push log to F[3] success,Leader LogsLen:[7] pushLast:[7] pushLen:[2]
L[0] update commitIndex to [7]
s[0] update commitIndex [0]->[7]
s[3] update commitIndex [0]->[7]
s[4] update commitIndex [0]->[7]
Test: one start
s[1] nextIndex:[7]->[0]
s[2] is not a leader now!
2 start election
s[0] is not a leader now!
s[0] is not a leader now!
0 start election
L[0] is a Leader now
s[2] is not a leader now!
s[0] is not a leader now!
L[0] didnt retry send to s[4]
L[0] push log to F[4] success,Leader LogsLen:[8] pushLast:[8] pushLen:[1]
L[0] didnt retry send to s[3]
L[0] push log to F[3] success,Leader LogsLen:[8] pushLast:[8] pushLen:[1]
s[1] nextIndex:[8]->[7]
s[2] nextIndex:[8]->[5]
L[0] didnt retry send to s[1]
L[0] push log to F[1] success,Leader LogsLen:[8] pushLast:[8] pushLen:[2]
L[0] didnt retry send to s[2]
L[0] push log to F[2] success,Leader LogsLen:[8] pushLast:[8] pushLen:[4]
s[1] update commitIndex [6]->[7]
s[2] update commitIndex [6]->[7]
L[0] update commitIndex to [8]
s[0] update commitIndex [7]->[8]
s[1] update commitIndex [7]->[8]
s[4] update commitIndex [7]->[8]
s[3] update commitIndex [7]->[8]
s[2] update commitIndex [7]->[8]
Test: one start
L[0] didnt retry send to s[3]
L[0] push log to F[3] success,Leader LogsLen:[9] pushLast:[9] pushLen:[1]
L[0] didnt retry send to s[4]
L[0] push log to F[4] success,Leader LogsLen:[9] pushLast:[9] pushLen:[1]
L[0] update commitIndex to [9]
s[0] update commitIndex [8]->[9]
s[4] update commitIndex [8]->[9]
s[3] update commitIndex [8]->[9]
s[1] readPersist logs:8
s[2] readPersist logs:8
4 start election
1 start election
3 start election
s[3] readPersist logs:9
Test: one start
4 start election
1 start election
3 start election
L[3] is a Leader now
s[1] nextIndex:[10]->[9]
s[2] nextIndex:[10]->[9]
L[3] didnt retry send to s[2]
L[3] push log to F[2] success,Leader LogsLen:[10] pushLast:[10] pushLen:[2]
L[3] didnt retry send to s[1]
L[3] push log to F[1] success,Leader LogsLen:[10] pushLast:[10] pushLen:[2]
L[3] update commitIndex to [10]
s[3] update commitIndex [0]->[10]
s[1] update commitIndex [0]->[10]
s[2] update commitIndex [0]->[10]
Test: one start
L[3] didnt retry send to s[2]
L[3] push log to F[2] success,Leader LogsLen:[11] pushLast:[11] pushLen:[1]
L[3] didnt retry send to s[1]
L[3] push log to F[1] success,Leader LogsLen:[11] pushLast:[11] pushLen:[1]
0 start election
s[0] is not a leader now!
s[0] is not a leader now!
s[3] is not a leader now!
s[3] is not a leader now!
3 start election
L[3] is a Leader now
s[0] is not a leader now!
s[3] is not a leader now!
s[4] nextIndex:[12]->[10]
s[0] nextIndex:[12]->[10]
L[3] didnt retry send to s[1]
L[3] push log to F[1] success,Leader LogsLen:[12] pushLast:[12] pushLen:[1]
L[3] didnt retry send to s[2]
L[3] push log to F[2] success,Leader LogsLen:[12] pushLast:[12] pushLen:[1]
L[3] didnt retry send to s[4]
L[3] push log to F[4] success,Leader LogsLen:[12] pushLast:[12] pushLen:[3]
L[3] didnt retry send to s[0]
L[3] push log to F[0] success,Leader LogsLen:[12] pushLast:[12] pushLen:[3]
s[0] update commitIndex [9]->[10]
s[4] update commitIndex [9]->[10]
L[3] update commitIndex to [12]
s[3] update commitIndex [10]->[12]
s[4] update commitIndex [10]->[12]
s[2] update commitIndex [10]->[12]
s[0] update commitIndex [10]->[12]
s[1] update commitIndex [10]->[12]
Test: one start
L[3] didnt retry send to s[2]
L[3] push log to F[2] success,Leader LogsLen:[13] pushLast:[13] pushLen:[1]
L[3] didnt retry send to s[1]
L[3] push log to F[1] success,Leader LogsLen:[13] pushLast:[13] pushLen:[1]
L[3] update commitIndex to [13]
s[3] update commitIndex [12]->[13]
s[1] update commitIndex [12]->[13]
s[2] update commitIndex [12]->[13]
s[4] readPersist logs:12
s[0] readPersist logs:12
1 start election
2 start election
4 start election
1 start election
s[1] readPersist logs:13
Test: one start
2 start election
4 start election
2 start election
4 start election
1 start election
L[1] is a Leader now
s[4] nextIndex:[14]->[13]
s[0] nextIndex:[14]->[13]
L[1] didnt retry send to s[4]
L[1] push log to F[4] success,Leader LogsLen:[14] pushLast:[14] pushLen:[2]
L[1] didnt retry send to s[0]
L[1] push log to F[0] success,Leader LogsLen:[14] pushLast:[14] pushLen:[2]
L[1] update commitIndex to [14]
s[1] update commitIndex [0]->[14]
s[0] update commitIndex [0]->[14]
s[4] update commitIndex [0]->[14]
Test: one start
L[1] didnt retry send to s[4]
L[1] push log to F[4] success,Leader LogsLen:[15] pushLast:[15] pushLen:[1]
L[1] didnt retry send to s[0]
L[1] push log to F[0] success,Leader LogsLen:[15] pushLast:[15] pushLen:[1]
L[1] update commitIndex to [15]
s[1] update commitIndex [14]->[15]
s[3] is not a leader now!
s[3] is not a leader now!
3 start election
s[1] is not a leader now!
s[1] is not a leader now!
1 start election
L[1] is a Leader now
s[0] update commitIndex [14]->[15]
s[4] update commitIndex [14]->[15]
s[1] is not a leader now!
s[3] is not a leader now!
s[3] nextIndex:[16]->[14]
s[2] nextIndex:[16]->[14]
L[1] didnt retry send to s[0]
L[1] push log to F[0] success,Leader LogsLen:[16] pushLast:[16] pushLen:[1]
L[1] didnt retry send to s[4]
L[1] push log to F[4] success,Leader LogsLen:[16] pushLast:[16] pushLen:[1]
L[1] update commitIndex to [16]
s[1] update commitIndex [15]->[16]
L[1] didnt retry send to s[2]
L[1] push log to F[2] success,Leader LogsLen:[16] pushLast:[16] pushLen:[3]
L[1] didnt retry send to s[3]
L[1] push log to F[3] success,Leader LogsLen:[16] pushLast:[16] pushLen:[3]
s[0] update commitIndex [15]->[16]
s[4] update commitIndex [15]->[16]
s[3] update commitIndex [13]->[16]
s[2] update commitIndex [13]->[16]
s[1] is not a leader now!
Test: one start
L[1] didnt retry send to s[0]
L[1] push log to F[0] success,Leader LogsLen:[17] pushLast:[17] pushLen:[1]
L[1] didnt retry send to s[4]
L[1] push log to F[4] success,Leader LogsLen:[17] pushLast:[17] pushLen:[1]
L[1] update commitIndex to [17]
s[1] update commitIndex [16]->[17]
s[4] update commitIndex [16]->[17]
s[0] update commitIndex [16]->[17]
s[2] readPersist logs:16
s[3] readPersist logs:16
2 start election
3 start election
0 start election
4 start election
s[4] readPersist logs:17
Test: one start
0 start election
2 start election
4 start election
0 start election
L[4] is a Leader now
s[3] nextIndex:[18]->[17]
s[2] nextIndex:[18]->[17]
L[4] didnt retry send to s[3]
L[4] push log to F[3] success,Leader LogsLen:[18] pushLast:[18] pushLen:[2]
L[4] didnt retry send to s[2]
L[4] push log to F[2] success,Leader LogsLen:[18] pushLast:[18] pushLen:[2]
L[4] update commitIndex to [18]
s[4] update commitIndex [0]->[18]
s[3] update commitIndex [0]->[18]
s[2] update commitIndex [0]->[18]
Test: one start
s[0] nextIndex:[18]->[0]
L[4] didnt retry send to s[0]
L[4] push log to F[0] success,Leader LogsLen:[18] pushLast:[18] pushLen:[1]
s[1] is not a leader now!
1 start election
s[4] is not a leader now!
s[4] is not a leader now!
s[4] is not a leader now!
4 start election
s[1] is not a leader now!
L[4] is a Leader now
s[0] update commitIndex [17]->[18]
s[4] is not a leader now!
s[1] nextIndex:[19]->[16]
L[4] didnt retry send to s[0]
L[4] push log to F[0] success,Leader LogsLen:[19] pushLast:[19] pushLen:[1]
L[4] didnt retry send to s[3]
L[4] push log to F[3] success,Leader LogsLen:[19] pushLast:[19] pushLen:[1]
L[4] didnt retry send to s[2]
L[4] push log to F[2] success,Leader LogsLen:[19] pushLast:[19] pushLen:[1]
L[4] didnt retry send to s[1]
L[4] push log to F[1] success,Leader LogsLen:[19] pushLast:[19] pushLen:[4]
L[4] update commitIndex to [19]
s[4] update commitIndex [18]->[19]
s[1] update commitIndex [17]->[18]
s[0] update commitIndex [18]->[19]
s[3] update commitIndex [18]->[19]
s[1] update commitIndex [18]->[19]
s[2] update commitIndex [18]->[19]
  ... Passed --  22.6  5 1731  590973   19
Test (2C): partitioned leader and one follower crash, leader restarts ...
Test: one start
2 start election
L[2] is a Leader now
L[2] didnt retry send to s[0]
L[2] push log to F[0] success,Leader LogsLen:[1] pushLast:[1] pushLen:[1]
L[2] didnt retry send to s[1]
L[2] push log to F[1] success,Leader LogsLen:[1] pushLast:[1] pushLen:[1]
L[2] update commitIndex to [1]
s[2] update commitIndex [0]->[1]
s[0] update commitIndex [0]->[1]
s[1] update commitIndex [0]->[1]
Test: one start
L[2] didnt retry send to s[0]
L[2] push log to F[0] success,Leader LogsLen:[2] pushLast:[2] pushLen:[1]
L[2] update commitIndex to [2]
s[2] update commitIndex [1]->[2]
s[0] update commitIndex [1]->[2]
s[2] readPersist logs:2
Test: one start
1 start election
2 start election
L[2] is a Leader now
s[1] nextIndex:[3]->[2]
L[2] didnt retry send to s[1]
L[2] push log to F[1] success,Leader LogsLen:[3] pushLast:[3] pushLen:[2]
L[2] update commitIndex to [3]
s[2] update commitIndex [0]->[3]
s[1] update commitIndex [1]->[3]
s[0] readPersist logs:2
Test: one start
L[2] didnt retry send to s[1]
L[2] push log to F[1] success,Leader LogsLen:[4] pushLast:[4] pushLen:[1]
L[2] update commitIndex to [4]
s[2] update commitIndex [3]->[4]
s[1] update commitIndex [3]->[4]
L[2] didnt retry send to s[1]
L[2] push log to F[1] success,Leader LogsLen:[5] pushLast:[5] pushLen:[1]
L[2] update commitIndex to [5]
s[2] update commitIndex [4]->[5]
s[1] update commitIndex [4]->[5]
L[2] didnt retry send to s[0]
L[2] push log to F[0] success,Leader LogsLen:[5] pushLast:[5] pushLen:[3]
s[0] update commitIndex [0]->[5]
  ... Passed --   5.2  3   88   33659    5
Test (2C): Figure 8 ...
Test: one start
2 start election
L[2] is a Leader now
L[2] didnt retry send to s[0]
L[2] push log to F[0] success,Leader LogsLen:[1] pushLast:[1] pushLen:[1]
L[2] didnt retry send to s[3]
L[2] push log to F[3] success,Leader LogsLen:[1] pushLast:[1] pushLen:[1]
L[2] didnt retry send to s[1]
L[2] push log to F[1] success,Leader LogsLen:[1] pushLast:[1] pushLen:[1]
L[2] didnt retry send to s[4]
L[2] push log to F[4] success,Leader LogsLen:[1] pushLast:[1] pushLen:[1]
L[2] update commitIndex to [1]
s[2] update commitIndex [0]->[1]
L[2] didnt retry send to s[3]
L[2] push log to F[3] success,Leader LogsLen:[2] pushLast:[2] pushLen:[1]
L[2] didnt retry send to s[0]
L[2] push log to F[0] success,Leader LogsLen:[2] pushLast:[2] pushLen:[1]
L[2] didnt retry send to s[4]
L[2] push log to F[4] success,Leader LogsLen:[2] pushLast:[2] pushLen:[1]
L[2] didnt retry send to s[1]
L[2] push log to F[1] success,Leader LogsLen:[2] pushLast:[2] pushLen:[1]
3 start election
L[3] is a Leader now
L[3] didnt retry send to s[0]
L[3] push log to F[0] success,Leader LogsLen:[3] pushLast:[3] pushLen:[1]
L[3] didnt retry send to s[1]
L[3] push log to F[1] success,Leader LogsLen:[3] pushLast:[3] pushLen:[1]
L[3] didnt retry send to s[4]
L[3] push log to F[4] success,Leader LogsLen:[3] pushLast:[3] pushLen:[1]
1 start election
L[1] is a Leader now
L[1] didnt retry send to s[4]
L[1] push log to F[4] success,Leader LogsLen:[4] pushLast:[4] pushLen:[1]
L[1] didnt retry send to s[0]
L[1] push log to F[0] success,Leader LogsLen:[4] pushLast:[4] pushLen:[1]
s[3] readPersist logs:3
4 start election
L[4] is a Leader now
s[3] nextIndex:[5]->[4]
L[4] didnt retry send to s[0]
L[4] push log to F[0] success,Leader LogsLen:[5] pushLast:[5] pushLen:[1]
L[4] didnt retry send to s[3]
L[4] push log to F[3] success,Leader LogsLen:[5] pushLast:[5] pushLen:[2]
L[4] update commitIndex to [5]
s[4] update commitIndex [0]->[5]
s[0] update commitIndex [0]->[5]
s[3] update commitIndex [0]->[5]
s[4] readPersist logs:5
0 start election
L[0] is a Leader now
s[4] update commitIndex [0]->[5]
L[0] didnt retry send to s[4]
L[0] push log to F[4] success,Leader LogsLen:[6] pushLast:[6] pushLen:[1]
L[0] didnt retry send to s[3]
L[0] push log to F[3] success,Leader LogsLen:[6] pushLast:[6] pushLen:[1]
s[2] readPersist logs:2
3 start election
L[3] is a Leader now
s[2] nextIndex:[7]->[3]
L[3] didnt retry send to s[4]
L[3] push log to F[4] success,Leader LogsLen:[7] pushLast:[7] pushLen:[1]
L[3] didnt retry send to s[2]
L[3] push log to F[2] success,Leader LogsLen:[7] pushLast:[7] pushLen:[5]
s[0] readPersist logs:6
2 start election
L[2] is a Leader now
s[0] nextIndex:[8]->[7]
L[2] didnt retry send to s[4]
L[2] push log to F[4] success,Leader LogsLen:[8] pushLast:[8] pushLen:[1]
s[2] readPersist logs:8
4 start election
L[4] is a Leader now
s[0] update commitIndex [0]->[5]
s[2] update commitIndex [0]->[5]
L[4] didnt retry send to s[0]
L[4] push log to F[0] success,Leader LogsLen:[9] pushLast:[9] pushLen:[1]
L[4] didnt retry send to s[2]
L[4] push log to F[2] success,Leader LogsLen:[9] pushLast:[9] pushLen:[1]
s[1] readPersist logs:4
2 start election
L[2] is a Leader now
s[1] nextIndex:[10]->[5]
L[2] didnt retry send to s[0]
L[2] push log to F[0] success,Leader LogsLen:[10] pushLast:[10] pushLen:[1]
L[2] didnt retry send to s[1]
L[2] push log to F[1] success,Leader LogsLen:[10] pushLast:[10] pushLen:[6]
L[2] update commitIndex to [10]
s[2] update commitIndex [5]->[10]
s[2] readPersist logs:10
1 start election
L[1] is a Leader now
L[1] didnt retry send to s[0]
L[1] push log to F[0] success,Leader LogsLen:[11] pushLast:[11] pushLen:[1]
L[1] didnt retry send to s[2]
L[1] push log to F[2] success,Leader LogsLen:[11] pushLast:[11] pushLen:[1]
L[1] update commitIndex to [11]
s[1] update commitIndex [0]->[11]
s[0] update commitIndex [5]->[11]
s[2] update commitIndex [0]->[11]
s[3] readPersist logs:7
0 start election
L[0] is a Leader now
s[3] nextIndex:[12]->[8]
L[0] didnt retry send to s[2]
L[0] push log to F[2] success,Leader LogsLen:[12] pushLast:[12] pushLen:[1]
s[4] readPersist logs:9
3 start election
2 start election
4 start election
4 start election
3 start election
2 start election
L[2] is a Leader now
s[3] nextIndex:[13]->[8]
s[4] nextIndex:[13]->[10]
L[2] didnt retry send to s[3]
L[2] push log to F[3] success,Leader LogsLen:[13] pushLast:[13] pushLen:[6]
L[2] didnt retry send to s[4]
L[2] push log to F[4] success,Leader LogsLen:[13] pushLast:[13] pushLen:[4]
L[2] update commitIndex to [13]
s[2] update commitIndex [11]->[13]
s[3] update commitIndex [0]->[13]
s[4] update commitIndex [0]->[13]
s[2] readPersist logs:13
2 start election
L[2] is a Leader now
L[2] didnt retry send to s[3]
L[2] push log to F[3] success,Leader LogsLen:[14] pushLast:[14] pushLen:[1]
L[2] didnt retry send to s[4]
L[2] push log to F[4] success,Leader LogsLen:[14] pushLast:[14] pushLen:[1]
s[0] readPersist logs:12
3 start election
L[3] is a Leader now
s[0] nextIndex:[15]->[13]
L[3] didnt retry send to s[4]
L[3] push log to F[4] success,Leader LogsLen:[15] pushLast:[15] pushLen:[1]
L[3] didnt retry send to s[0]
L[3] push log to F[0] success,Leader LogsLen:[15] pushLast:[15] pushLen:[3]
s[3] readPersist logs:15
0 start election
L[0] is a Leader now
L[0] didnt retry send to s[4]
L[0] push log to F[4] success,Leader LogsLen:[16] pushLast:[16] pushLen:[1]
L[0] didnt retry send to s[3]
L[0] push log to F[3] success,Leader LogsLen:[16] pushLast:[16] pushLen:[1]
s[2] readPersist logs:14
3 start election
2 start election
L[3] is a Leader now
s[2] nextIndex:[17]->[15]
L[3] didnt retry send to s[4]
L[3] push log to F[4] success,Leader LogsLen:[17] pushLast:[17] pushLen:[1]
L[3] didnt retry send to s[2]
L[3] push log to F[2] success,Leader LogsLen:[17] pushLast:[17] pushLen:[3]
L[3] update commitIndex to [17]
s[3] update commitIndex [0]->[17]
s[2] update commitIndex [0]->[17]
s[4] update commitIndex [13]->[17]
s[0] readPersist logs:16
2 start election
L[2] is a Leader now
s[0] nextIndex:[18]->[17]
L[2] didnt retry send to s[4]
L[2] push log to F[4] success,Leader LogsLen:[18] pushLast:[18] pushLen:[1]
s[2] readPersist logs:18
2 start election
L[2] is a Leader now
s[0] nextIndex:[19]->[17]
L[2] didnt retry send to s[4]
L[2] push log to F[4] success,Leader LogsLen:[19] pushLast:[19] pushLen:[1]
s[1] readPersist logs:11
4 start election
L[4] is a Leader now
s[0] nextIndex:[20]->[17]
s[1] nextIndex:[20]->[12]
s[2] readPersist logs:19
2 start election
L[2] is a Leader now
s[1] nextIndex:[20]->[12]
s[0] nextIndex:[20]->[17]
L[2] didnt retry send to s[0]
L[2] push log to F[0] success,Leader LogsLen:[20] pushLast:[20] pushLen:[4]
L[2] didnt retry send to s[1]
L[2] push log to F[1] success,Leader LogsLen:[20] pushLast:[20] pushLen:[9]
s[2] readPersist logs:20
0 start election
L[0] is a Leader now
s[0] readPersist logs:21
2 start election
1 start election
0 start election
L[0] is a Leader now
s[1] nextIndex:[22]->[21]
s[2] nextIndex:[22]->[21]
L[0] didnt retry send to s[1]
L[0] push log to F[1] success,Leader LogsLen:[22] pushLast:[22] pushLen:[2]
L[0] didnt retry send to s[2]
L[0] push log to F[2] success,Leader LogsLen:[22] pushLast:[22] pushLen:[2]
s[3] readPersist logs:17
2 start election
L[2] is a Leader now
s[3] nextIndex:[23]->[18]
L[2] didnt retry send to s[1]
L[2] push log to F[1] success,Leader LogsLen:[23] pushLast:[23] pushLen:[1]
s[4] readPersist logs:20
1 start election
L[1] is a Leader now
s[4] nextIndex:[24]->[21]
s[3] nextIndex:[24]->[18]
s[1] readPersist logs:24
4 start election
3 start election
1 start election
L[1] is a Leader now
s[1] readPersist logs:25
3 start election
1 start election
3 start election
4 start election
1 start election
L[1] is a Leader now
s[2] readPersist logs:23
2 start election
2 start election
L[2] is a Leader now
s[3] nextIndex:[24]->[18]
s[4] nextIndex:[24]->[21]
s[2] readPersist logs:24
3 start election
2 start election
L[2] is a Leader now
s[4] nextIndex:[25]->[21]
s[3] nextIndex:[25]->[18]
L[2] didnt retry send to s[3]
L[2] push log to F[3] success,Leader LogsLen:[25] pushLast:[25] pushLen:[8]
L[2] didnt retry send to s[4]
L[2] push log to F[4] success,Leader LogsLen:[25] pushLast:[25] pushLen:[5]
s[2] readPersist logs:25
3 start election
L[3] is a Leader now
L[3] didnt retry send to s[4]
L[3] push log to F[4] success,Leader LogsLen:[26] pushLast:[26] pushLen:[1]
L[3] didnt retry send to s[2]
L[3] push log to F[2] success,Leader LogsLen:[26] pushLast:[26] pushLen:[1]
L[3] update commitIndex to [26]
s[3] update commitIndex [0]->[26]
s[1] readPersist logs:26
4 start election
L[4] is a Leader now
s[0] readPersist logs:22
2 start election
L[2] is a Leader now
s[0] nextIndex:[27]->[23]
s[1] nextIndex:[27]->[26]
s[1] nextIndex:[26]->[25]
L[2] didnt retry send to s[0]
L[2] push log to F[0] success,Leader LogsLen:[27] pushLast:[27] pushLen:[5]
s[1] nextIndex:[25]->[24]
L[2] didnt retry send to s[1]
L[2] push log to F[1] success,Leader LogsLen:[27] pushLast:[27] pushLen:[4]
L[2] update commitIndex to [27]
s[2] update commitIndex [0]->[27]
s[2] readPersist logs:27
1 start election
L[1] is a Leader now
L[1] didnt retry send to s[0]
L[1] push log to F[0] success,Leader LogsLen:[28] pushLast:[28] pushLen:[1]
L[1] didnt retry send to s[2]
L[1] push log to F[2] success,Leader LogsLen:[28] pushLast:[28] pushLen:[1]
L[1] update commitIndex to [28]
s[1] update commitIndex [0]->[28]
s[2] update commitIndex [0]->[28]
s[0] update commitIndex [0]->[28]
s[4] readPersist logs:27
2 start election
L[2] is a Leader now
s[4] nextIndex:[29]->[28]
L[2] didnt retry send to s[0]
L[2] push log to F[0] success,Leader LogsLen:[29] pushLast:[29] pushLen:[1]
s[4] nextIndex:[28]->[27]
s[3] readPersist logs:26
3 start election
4 start election
0 start election
L[0] is a Leader now
s[3] nextIndex:[30]->[27]
s[4] nextIndex:[30]->[27]
s[0] readPersist logs:30
4 start election
0 start election
L[0] is a Leader now
s[2] readPersist logs:29
3 start election
2 start election
L[2] is a Leader now
s[4] nextIndex:[30]->[27]
s[3] nextIndex:[30]->[27]
L[2] didnt retry send to s[4]
L[2] push log to F[4] success,Leader LogsLen:[30] pushLast:[30] pushLen:[4]
L[2] didnt retry send to s[3]
L[2] push log to F[3] success,Leader LogsLen:[30] pushLast:[30] pushLen:[4]
s[1] readPersist logs:28
3 start election
L[3] is a Leader now
s[1] nextIndex:[31]->[29]
L[3] didnt retry send to s[4]
L[3] push log to F[4] success,Leader LogsLen:[31] pushLast:[31] pushLen:[1]
L[3] didnt retry send to s[1]
L[3] push log to F[1] success,Leader LogsLen:[31] pushLast:[31] pushLen:[3]
s[0] readPersist logs:31
---connect
s[2] readPersist logs:30
s[3] readPersist logs:31
---one
Test: one start
1 start election
L[1] is a Leader now
s[2] nextIndex:[32]->[31]
s[0] nextIndex:[32]->[31]
L[1] didnt retry send to s[4]
L[1] push log to F[4] success,Leader LogsLen:[32] pushLast:[32] pushLen:[1]
L[1] didnt retry send to s[3]
L[1] push log to F[3] success,Leader LogsLen:[32] pushLast:[32] pushLen:[1]
L[1] didnt retry send to s[2]
L[1] push log to F[2] success,Leader LogsLen:[32] pushLast:[32] pushLen:[2]
s[0] nextIndex:[31]->[30]
L[1] didnt retry send to s[0]
L[1] push log to F[0] success,Leader LogsLen:[32] pushLast:[32] pushLen:[3]
L[1] update commitIndex to [32]
s[1] update commitIndex [0]->[32]
s[4] update commitIndex [0]->[32]
s[2] update commitIndex [0]->[32]
s[3] update commitIndex [0]->[32]
s[0] update commitIndex [0]->[32]
2022/09/27 18:09:08 4: log map[1:7317110753374385731 2:267447297776327727 3:5147001878800279906 4:4429256770708495865 5:6673427594081777569 6:2262283021561431257 7:4799577966873305917 8:7562156166657039589 9:7647688964117118077 10:5381284146057325141 11:579181440151098608 12:477452367400425937 13:3209070992354894954 14:5597523349335079441 15:8241660758072977311 16:465874520671051560 17:7747463967448873744 18:3514708113516724853 19:5445663583967300288]; server map[1:7317110753374385731 2:267447297776327727 3:5147001878800279906 4:4429256770708495865 5:6673427594081777569 6:2262283021561431257 7:4799577966873305917 8:7562156166657039589 9:7647688964117118077 10:5381284146057325141 11:579181440151098608 12:477452367400425937 13:3209070992354894954 14:5597523349335079441 15:8241660758072977311 16:465874520671051560 17:7747463967448873744 18:3514708113516724853 19:5445663583967300288 20:5107033680403539733 21:5724785456589124880 22:6015053738394773883 23:3467660119277089074 24:3907641552455554007 25:8316991690321748109 26:2773743737348860928 27:8695260108062225254 28:573285435357333196]
2022/09/27 18:09:08 4: log map[1:7317110753374385731 2:267447297776327727 3:5147001878800279906 4:4429256770708495865 5:6673427594081777569 6:2262283021561431257 7:4799577966873305917 8:7562156166657039589 9:7647688964117118077 10:5381284146057325141 11:579181440151098608 12:477452367400425937 13:3209070992354894954 14:5597523349335079441 15:8241660758072977311 16:465874520671051560 17:7747463967448873744 18:3514708113516724853 19:5445663583967300288]; server map[1:7317110753374385731 2:267447297776327727 3:5147001878800279906 4:4429256770708495865 5:6673427594081777569 6:2262283021561431257 7:4799577966873305917 8:7562156166657039589 9:7647688964117118077 10:5381284146057325141 11:579181440151098608 12:477452367400425937 13:3209070992354894954 14:5597523349335079441 15:8241660758072977311 16:465874520671051560 17:7747463967448873744 18:3514708113516724853 19:5445663583967300288 20:5107033680403539733 21:5724785456589124880 22:6015053738394773883 23:3467660119277089074 24:3907641552455554007 25:8316991690321748109 26:2773743737348860928 27:8695260108062225254 28:573285435357333196 29:6297865474382987001 30:3321412698611630848 31:6153257779966166577 32:7780118695419670771]
2022/09/27 18:09:08 4: log map[1:7317110753374385731 2:267447297776327727 3:5147001878800279906 4:4429256770708495865 5:6673427594081777569 6:2262283021561431257 7:4799577966873305917 8:7562156166657039589 9:7647688964117118077 10:5381284146057325141 11:579181440151098608 12:477452367400425937 13:3209070992354894954 14:5597523349335079441 15:8241660758072977311 16:465874520671051560 17:7747463967448873744 18:3514708113516724853 19:5445663583967300288]; server map[1:7317110753374385731 2:267447297776327727 3:5147001878800279906 4:4429256770708495865 5:6673427594081777569 6:2262283021561431257 7:4799577966873305917 8:7562156166657039589 9:7647688964117118077 10:5381284146057325141 11:579181440151098608 12:477452367400425937 13:3209070992354894954 14:5597523349335079441 15:8241660758072977311 16:465874520671051560 17:7747463967448873744 18:3514708113516724853 19:5445663583967300288 20:5107033680403539733 21:5724785456589124880 22:6015053738394773883 23:3467660119277089074 24:3907641552455554007 25:8316991690321748109 26:2773743737348860928 27:8695260108062225254 28:573285435357333196]
2022/09/27 18:09:08 4: log map[1:7317110753374385731 2:267447297776327727 3:5147001878800279906 4:4429256770708495865 5:6673427594081777569 6:2262283021561431257 7:4799577966873305917 8:7562156166657039589 9:7647688964117118077 10:5381284146057325141 11:579181440151098608 12:477452367400425937 13:3209070992354894954 14:5597523349335079441 15:8241660758072977311 16:465874520671051560 17:7747463967448873744 18:3514708113516724853 19:5445663583967300288]; server map[1:7317110753374385731 2:267447297776327727 3:5147001878800279906 4:4429256770708495865 5:6673427594081777569 6:2262283021561431257 7:4799577966873305917 8:7562156166657039589 9:7647688964117118077 10:5381284146057325141 11:579181440151098608 12:477452367400425937 13:3209070992354894954 14:5597523349335079441 15:8241660758072977311 16:465874520671051560 17:7747463967448873744 18:3514708113516724853 19:5445663583967300288 20:5107033680403539733 21:5724785456589124880 22:6015053738394773883 23:3467660119277089074 24:3907641552455554007 25:8316991690321748109 26:2773743737348860928]
2022/09/27 18:09:08 apply error: commit index=20 server=4 5792081152939552582 != server=3 5107033680403539733
exit status 1
FAIL	mit6.824/raft	69.471s
